<?xml version="1.0" encoding="UTF-8"?>
<!-- Generated by org.testng.reporters.JUnitReportReporter -->
<testsuite hostname="del1-lhp-n82782" failures="0" tests="1" name="com.rest.AutomateDelete" time="2.487" errors="0" timestamp="2023-07-09T00:46:06 IST" skipped="0">
  <testcase classname="com.rest.AutomateDelete" name="validate_delete_non_bddStyle" time="2.487"/>
  <system-out/>
</testsuite> <!-- com.rest.AutomateDelete -->
