<?xml version="1.0" encoding="UTF-8"?>
<!-- Generated by org.testng.reporters.JUnitReportReporter -->
<testsuite hostname="del1-lhp-n82782" failures="0" tests="1" name="com.rest.AutomateGet" time="5.543" errors="0" timestamp="2023-09-11T22:44:49 IST" skipped="0">
  <testcase classname="com.rest.AutomateGet" name="extract_response" time="5.543"/>
  <system-out/>
</testsuite> <!-- com.rest.AutomateGet -->
