<?xml version="1.0" encoding="UTF-8"?>
<!-- Generated by org.testng.reporters.JUnitReportReporter -->
<testsuite hostname="del1-lhp-n82782" failures="0" tests="1" name="com.rest.AutomatePut" time="5.572" errors="0" timestamp="2023-07-09T00:28:12 IST" skipped="0">
  <testcase classname="com.rest.AutomatePut" name="validate_post_request_non_bddStyle" time="5.572"/>
  <system-out/>
</testsuite> <!-- com.rest.AutomatePut -->
