<?xml version="1.0" encoding="UTF-8"?>
<!-- Generated by org.testng.reporters.JUnitReportReporter -->
<testsuite hostname="del1-lhp-n82782" failures="0" tests="2" name="com.rest.ResponseSpecificationDemo" time="3.736" errors="0" timestamp="2023-07-07T15:50:21 IST" skipped="0">
  <testcase classname="com.rest.ResponseSpecificationDemo" name="default_test" time="2.336"/>
  <system-out/>
  <testcase classname="com.rest.ResponseSpecificationDemo" name="default_test_first" time="1.400"/>
  <system-out/>
</testsuite> <!-- com.rest.ResponseSpecificationDemo -->
