<?xml version="1.0" encoding="UTF-8"?>
<!-- Generated by org.testng.reporters.JUnitReportReporter -->
<testsuite hostname="del1-lhp-n82782" failures="0" tests="1" name="com.rest.Logging" time="6.048" errors="0" timestamp="2023-09-12T21:46:31 IST" skipped="0">
  <testcase classname="com.rest.Logging" name="BlackListing_headers_Using_collection" time="6.048"/>
  <system-out/>
</testsuite> <!-- com.rest.Logging -->
