<?xml version="1.0" encoding="UTF-8"?>
<!-- Generated by org.testng.reporters.JUnitReportReporter -->
<testsuite hostname="del1-lhp-n82782" failures="0" tests="1" name="com.rest.Filters_demo" time="4.938" errors="0" timestamp="2023-09-19T00:51:49 IST" skipped="0">
  <testcase classname="com.rest.Filters_demo" name="logging_filter_resusability" time="4.938"/>
  <system-out/>
</testsuite> <!-- com.rest.Filters_demo -->
