<?xml version="1.0" encoding="UTF-8"?>
<!-- Generated by org.testng.reporters.JUnitReportReporter -->
<testsuite hostname="del1-lhp-n82782" failures="0" tests="2" name="com.rest.FormData" time="2.956" errors="0" timestamp="2023-07-16T18:19:00 IST" skipped="0">
  <testcase classname="com.rest.FormData" name="form_url_encoded_data" time="2.633"/>
  <system-out/>
  <testcase classname="com.rest.FormData" name="multipart_formdata_downloadfile" time="0.323"/>
  <system-out/>
</testsuite> <!-- com.rest.FormData -->
