<?xml version="1.0" encoding="UTF-8"?>
<!-- Generated by org.testng.reporters.JUnitReportReporter -->
<testsuite hostname="del1-lhp-n82782" failures="0" tests="1" name="com.rest.Headers_demo" time="6.342" errors="0" timestamp="2023-09-12T21:57:28 IST" skipped="0">
  <testcase classname="com.rest.Headers_demo" name="extract_multivalue_response_header" time="6.342"/>
  <system-out/>
</testsuite> <!-- com.rest.Headers_demo -->
