<?xml version="1.0" encoding="UTF-8"?>
<!-- Generated by org.testng.reporters.JUnitReportReporter -->
<testsuite hostname="del1-lhp-n82782" failures="0" tests="1" name="com.rest.BasicAndDigestAuthentication" time="0.007" errors="0" timestamp="2024-01-25T01:30:52 IST" skipped="0">
  <testcase classname="com.rest.BasicAndDigestAuthentication" name="Base64Encoding" time="0.007"/>
  <system-out/>
</testsuite> <!-- com.rest.BasicAndDigestAuthentication -->
