<?xml version="1.0" encoding="UTF-8"?>
<!-- Generated by org.testng.reporters.JUnitReportReporter -->
<testsuite hostname="del1-lhp-n82782" failures="0" tests="2" name="com.rest.UsingDataProviderInPojo" time="4.425" errors="0" timestamp="2023-07-20T23:32:53 IST" skipped="0">
  <testcase classname="com.rest.UsingDataProviderInPojo" name="Serialize_and_deserialize" time="1.818"/>
  <system-out/>
  <testcase classname="com.rest.UsingDataProviderInPojo" name="Serialize_and_deserialize" time="2.607"/>
  <system-out/>
</testsuite> <!-- com.rest.UsingDataProviderInPojo -->
