<?xml version="1.0" encoding="UTF-8"?>
<!-- Generated by org.testng.reporters.JUnitReportReporter -->
<testsuite hostname="del1-lhp-n82782" failures="0" tests="1" name="com.rest.JsonSchema" time="2.468" errors="0" timestamp="2023-08-15T22:40:51 IST" skipped="0">
  <testcase classname="com.rest.JsonSchema" name="json_schema_demo" time="2.468"/>
  <system-out/>
</testsuite> <!-- com.rest.JsonSchema -->
