<?xml version="1.0" encoding="UTF-8"?>
<!-- Generated by org.testng.reporters.JUnitReportReporter -->
<testsuite hostname="del1-lhp-n82782" failures="0" tests="1" name="com.rest.RequestPayloadasJsonArray" time="2.942" errors="0" timestamp="2023-07-16T15:28:17 IST" skipped="0">
  <testcase classname="com.rest.RequestPayloadasJsonArray" name="request_payloadas_Json_array" time="2.942"/>
  <system-out/>
</testsuite> <!-- com.rest.RequestPayloadasJsonArray -->
