<?xml version="1.0" encoding="UTF-8"?>
<!-- Generated by org.testng.reporters.JUnitReportReporter -->
<testsuite hostname="del1-lhp-n82782" failures="0" tests="1" name="com.rest.AutomatePost" time="2.416" errors="0" timestamp="2023-07-10T23:00:14 IST" skipped="0">
  <testcase classname="com.rest.AutomatePost" name="post_request_payload_asMap" time="2.416"/>
  <system-out/>
</testsuite> <!-- com.rest.AutomatePost -->
