<?xml version="1.0" encoding="UTF-8"?>
<!-- Generated by org.testng.reporters.JUnitReportReporter -->
<testsuite hostname="del1-lhp-n82782" failures="0" tests="1" name="com.rest.SerializationDemo" time="2.325" errors="0" timestamp="2023-07-20T21:56:27 IST" skipped="0">
  <testcase classname="com.rest.SerializationDemo" name="post_request_payload_asuJSon_arrayNode" time="2.325"/>
  <system-out/>
</testsuite> <!-- com.rest.SerializationDemo -->
