<?xml version="1.0" encoding="UTF-8"?>
<!-- Generated by org.testng.reporters.JUnitReportReporter -->
<testsuite hostname="del1-lhp-n82782" failures="0" tests="1" name="com.rest.AutomateNestedPojo" time="5.561" errors="0" timestamp="2023-07-21T11:00:42 IST" skipped="0">
  <testcase classname="com.rest.AutomateNestedPojo" name="Serialize_and_deserialize" time="5.561"/>
  <system-out/>
</testsuite> <!-- com.rest.AutomateNestedPojo -->
