<?xml version="1.0" encoding="UTF-8"?>
<!-- Generated by org.testng.reporters.JUnitReportReporter -->
<testsuite hostname="del1-lhp-n82782" failures="0" tests="2" name="com.rest.Filters" time="6.702" errors="0" timestamp="2023-07-17T22:38:20 IST" skipped="0">
  <testcase classname="com.rest.Filters" name="logging_filter_toLogFile" time="5.324"/>
  <system-out/>
  <testcase classname="com.rest.Filters" name="logging_filtger" time="1.378"/>
  <system-out/>
</testsuite> <!-- com.rest.Filters -->
