<?xml version="1.0" encoding="UTF-8"?>
<!-- Generated by org.testng.reporters.JUnitReportReporter -->
<testsuite hostname="del1-lhp-n82782" failures="0" tests="1" name="com.rest.AutomateComplexPojo" time="5.043" errors="0" timestamp="2024-02-26T00:28:21 IST" skipped="0">
  <testcase classname="com.rest.AutomateComplexPojo" name="Serialize_and_deserialize" time="5.043"/>
  <system-out/>
</testsuite> <!-- com.rest.AutomateComplexPojo -->
