<?xml version="1.0" encoding="UTF-8"?>
<!-- Generated by org.testng.reporters.JUnitReportReporter -->
<testsuite hostname="del1-lhp-n82782" failures="0" tests="1" name="com.rest.PojoDemo" time="4.655" errors="0" timestamp="2023-07-20T22:21:40 IST" skipped="0">
  <testcase classname="com.rest.PojoDemo" name="Pojo_demo_deserialization" time="4.655"/>
  <system-out/>
</testsuite> <!-- com.rest.PojoDemo -->
