<?xml version="1.0" encoding="UTF-8"?>
<!-- Generated by org.testng.reporters.JUnitReportReporter -->
<testsuite hostname="del1-lhp-n82782" failures="0" tests="1" name="com.rest.Test1" time="2.514" errors="0" timestamp="2024-02-25T23:33:45 IST" skipped="0">
  <testcase classname="com.rest.Test1" name="checkAutope" time="2.514"/>
  <system-out/>
</testsuite> <!-- com.rest.Test1 -->
