<?xml version="1.0" encoding="UTF-8"?>
<!-- Generated by org.testng.reporters.JUnitReportReporter -->
<testsuite hostname="del1-lhp-n82782" failures="0" tests="1" name="com.rest.TestRest" time="0.292" errors="0" timestamp="2023-08-15T00:39:49 IST" skipped="0">
  <testcase classname="com.rest.TestRest" name="test" time="0.292"/>
  <system-out/>
</testsuite> <!-- com.rest.TestRest -->
