<?xml version="1.0" encoding="UTF-8"?>
<!-- Generated by org.testng.reporters.JUnitReportReporter -->
<testsuite hostname="del1-lhp-n82782" failures="0" tests="2" name="com.rest.Headers" time="7.291" errors="0" timestamp="2023-07-05T22:29:12 IST" skipped="0">
  <testcase classname="com.rest.Headers" name="headers" time="5.748"/>
  <system-out/>
  <testcase classname="com.rest.Headers" name="second_way" time="1.543"/>
  <system-out/>
</testsuite> <!-- com.rest.Headers -->
