<?xml version="1.0" encoding="UTF-8"?>
<!-- Generated by org.testng.reporters.JUnitReportReporter -->
<testsuite hostname="del1-lhp-n82782" failures="0" tests="1" name="com.rest.FormAuthentication" time="1.916" errors="0" timestamp="2023-09-12T12:32:26 IST" skipped="0">
  <testcase classname="com.rest.FormAuthentication" name="authenticationusing_CSRFtoken_fetch_single_cookie" time="1.916"/>
  <system-out/>
</testsuite> <!-- com.rest.FormAuthentication -->
