<?xml version="1.0" encoding="UTF-8"?>
<!-- Generated by org.testng.reporters.JUnitReportReporter -->
<testsuite hostname="del1-lhp-n82782" failures="0" tests="1" name="com.rest.OAuthDemo" time="1.687" errors="0" timestamp="2023-08-01T19:25:46 IST" skipped="0">
  <testcase classname="com.rest.OAuthDemo" name="modify" time="1.687"/>
  <system-out/>
</testsuite> <!-- com.rest.OAuthDemo -->
