<?xml version="1.0" encoding="UTF-8"?>
<!-- Generated by org.testng.reporters.JUnitReportReporter -->
<testsuite hostname="del1-lhp-n82782" failures="0" tests="1" name="com.rest.RequestParameter" time="1.427" errors="0" timestamp="2024-02-25T22:40:05 IST" skipped="0">
  <testcase classname="com.rest.RequestParameter" name="path_parameter" time="1.427"/>
  <system-out/>
</testsuite> <!-- com.rest.RequestParameter -->
