<?xml version="1.0" encoding="UTF-8"?>
<!-- Generated by org.testng.reporters.JUnitReportReporter -->
<testsuite hostname="del1-lhp-n82782" failures="0" tests="1" name="com.rest.BasicAuthentication" time="0.008" errors="0" timestamp="2023-07-29T22:05:14 IST" skipped="0">
  <testcase classname="com.rest.BasicAuthentication" name="Base64Encoding" time="0.008"/>
  <system-out/>
</testsuite> <!-- com.rest.BasicAuthentication -->
